<?xml version="1.0" encoding="UTF-8"?>
<!-- Generated by org.testng.reporters.JUnitXMLReporter -->
<testsuite ignored="1" hostname="Testriq-20s-MacBook-Pro.local" failures="0" tests="1" name="Default test" time="51.015" errors="0" timestamp="2025-06-01T21:07:19 IST">
  <testcase classname="com.watch.site.search_result.TestSearchResultPage" name="testSearchFunctionalityWRTMatchingProduct" time="10.266"/>
  <testcase classname="com.watch.site.search_result.TestSearchResultPage" name="testSearchFunctionalityWRTNoMatchingProduct" time="0.0">
    <ignored/>
  </testcase> <!-- testSearchFunctionalityWRTNoMatchingProduct -->
</testsuite> <!-- Default test -->
