<?xml version="1.0" encoding="UTF-8"?>
<!-- Generated by org.testng.reporters.JUnitXMLReporter -->
<testsuite ignored="0" hostname="Testriq-20s-MacBook-Pro.local" failures="0" tests="1" name="Product Added To Cart Test" time="25.403" errors="0" timestamp="2025-06-01T20:03:34 IST">
  <testcase classname="com.watch.site.core.DriverManagementCore" name="@BeforeMethod launchWebApplication" time="0.0">
    <skipped/>
  </testcase> <!-- @BeforeMethod launchWebApplication -->
  <testcase classname="com.watch.site.core.DriverManagementCore" name="@AfterMethod tearDown" time="0.0">
    <skipped/>
  </testcase> <!-- @AfterMethod tearDown -->
  <testcase classname="com.watch.site.core.DriverManagementCore" name="@BeforeMethod launchWebApplication" time="0.0">
    <skipped/>
  </testcase> <!-- @BeforeMethod launchWebApplication -->
  <testcase classname="com.watch.site.core.DriverManagementCore" name="@AfterMethod tearDown" time="0.0">
    <skipped/>
  </testcase> <!-- @AfterMethod tearDown -->
  <testcase classname="com.watch.site.product.TestProductAddedToCart" name="testSuccessfulProductAddToCart" time="10.674"/>
</testsuite> <!-- Product Added To Cart Test -->
