<?xml version="1.0" encoding="UTF-8"?>
<!-- Generated by org.testng.reporters.JUnitXMLReporter -->
<testsuite ignored="0" hostname="Testriq-20s-MacBook-Pro.local" failures="0" tests="2" name="Search Result Page Test" time="55.743" errors="0" timestamp="2025-06-01T20:16:07 IST">
  <testcase classname="com.watch.site.search_result.TestSearchResultPage" name="testSearchFunctionalityWRTMatchingProduct" time="14.905"/>
  <testcase classname="com.watch.site.search_result.TestSearchResultPage" name="testSearchFunctionalityWRTNoMatchingProduct" time="14.064"/>
</testsuite> <!-- Search Result Page Test -->
