<?xml version="1.0" encoding="UTF-8"?>
<!-- Generated by org.testng.reporters.JUnitXMLReporter -->
<testsuite ignored="2" hostname="Testriq-20s-MacBook-Pro.local" failures="1" tests="6" name="Test" time="48.164" errors="0" timestamp="2025-06-15T14:19:51 IST">
  <testcase classname="com.watch.site.product.TestProductAddedToCart" name="testSuccessfulProductAddToCart" time="14.809"/>
  <testcase classname="com.watch.site.search_result.TestSearchResultPage" name="testSearchFunctionalityWRTMatchingProduct" time="1.731"/>
  <testcase classname="com.watch.site.search_result.TestSearchResultPage" name="testSearchFunctionalityWRTNoMatchingProduct" time="1.055"/>
  <testcase classname="com.watch.site.contact_us.TestContactUsPage" name="testNavigationToContactUsPage" time="1.337">
    <failure type="java.lang.AssertionError" message="expected [Contact Us] but found [CONTACT US]">
      <![CDATA[java.lang.AssertionError: expected [Contact Us] but found [CONTACT US]
at com.watch.site.contact_us.TestContactUsPage.testNavigationToContactUsPage(TestContactUsPage.java:20)
at java.base/java.util.ArrayList.forEach(ArrayList.java:1597)
at java.base/java.util.concurrent.Executors$RunnableAdapter.call(Executors.java:572)
at java.base/java.util.concurrent.FutureTask.run(FutureTask.java:317)
at java.base/java.util.concurrent.ThreadPoolExecutor.runWorker(ThreadPoolExecutor.java:1144)
at java.base/java.util.concurrent.ThreadPoolExecutor$Worker.run(ThreadPoolExecutor.java:642)
at java.base/java.lang.Thread.run(Thread.java:1575)
... Removed 25 stack frames]]>
    </failure>
  </testcase> <!-- testNavigationToContactUsPage -->
  <testcase classname="com.watch.site.contact_us.TestContactUsPage" name="testEmptyFormSubmission" time="1.73"/>
  <testcase classname="com.watch.site.contact_us.TestContactUsPage" name="testSuccessfulFormSubmission" time="2.928"/>
  <testcase classname="com.watch.site.core.DriverManagementCore" name="@BeforeSuite cleanData" time="0.0">
    <ignored/>
  </testcase> <!-- @BeforeSuite cleanData -->
  <testcase classname="com.watch.site.core.DriverManagementCore" name="@BeforeSuite cleanData" time="0.0">
    <ignored/>
  </testcase> <!-- @BeforeSuite cleanData -->
</testsuite> <!-- Test -->
