<?xml version="1.0" encoding="UTF-8"?>
<!-- Generated by org.testng.reporters.JUnitXMLReporter -->
<testsuite ignored="0" hostname="Testriq-20s-MacBook-Pro.local" failures="0" tests="3" name="Contact Us Page Test" time="0.005" errors="0" timestamp="2025-06-01T20:03:09 IST">
  <testcase classname="com.watch.site.contact_us.TestContactUsPage" name="testNavigationToContactUsPage" time="0.0">
    <skipped/>
  </testcase> <!-- testNavigationToContactUsPage -->
  <testcase classname="com.watch.site.contact_us.TestContactUsPage" name="testEmptyFormSubmission" time="0.0">
    <skipped/>
  </testcase> <!-- testEmptyFormSubmission -->
  <testcase classname="com.watch.site.contact_us.TestContactUsPage" name="testSuccessfulFormSubmission" time="0.0">
    <skipped/>
  </testcase> <!-- testSuccessfulFormSubmission -->
</testsuite> <!-- Contact Us Page Test -->
