<?xml version="1.0" encoding="UTF-8"?>
<!-- Generated by org.testng.reporters.JUnitXMLReporter -->
<testsuite ignored="0" hostname="Testriq-20s-MacBook-Pro.local" failures="0" tests="2" name="Search Page Test" time="0.012" errors="0" timestamp="2025-06-01T20:03:09 IST">
  <testcase classname="com.watch.site.core.DriverManagementCore" name="@BeforeSuite cleanData" time="0.016">
    <failure type="org.apache.commons.io.IOExceptionList" message="1 exception(s): [org.apache.commons.io.IOIndexedException: FileNotFoundException #0: File does not exist: /Users/testriq_20/eclipse-workspace/Ecubix/screenshots/testNavigationToContactUsPage.png]">
      <![CDATA[org.apache.commons.io.IOExceptionList: 1 exception(s): [org.apache.commons.io.IOIndexedException: FileNotFoundException #0: File does not exist: /Users/testriq_20/eclipse-workspace/Ecubix/screenshots/testNavigationToContactUsPage.png]
at org.apache.commons.io.IOExceptionList.checkEmpty(IOExceptionList.java:50)
at org.apache.commons.io.function.IOStream.forAll(IOStream.java:357)
at org.apache.commons.io.function.IOStreams.forAll(IOStreams.java:42)
at org.apache.commons.io.function.IOStreams.forAll(IOStreams.java:36)
at org.apache.commons.io.function.IOConsumer.forAll(IOConsumer.java:82)
at org.apache.commons.io.FileUtils.cleanDirectory(FileUtils.java:381)
at com.watch.site.core.DriverManagementCore.cleanDirectory(DriverManagementCore.java:106)
at com.watch.site.core.DriverManagementCore.cleanData(DriverManagementCore.java:122)
at java.base/java.util.concurrent.Executors$RunnableAdapter.call(Executors.java:572)
at java.base/java.util.concurrent.FutureTask.run(FutureTask.java:317)
at java.base/java.util.concurrent.ThreadPoolExecutor.runWorker(ThreadPoolExecutor.java:1144)
at java.base/java.util.concurrent.ThreadPoolExecutor$Worker.run(ThreadPoolExecutor.java:642)
at java.base/java.lang.Thread.run(Thread.java:1575)
Caused by: org.apache.commons.io.IOIndexedException: FileNotFoundException #0: File does not exist: /Users/testriq_20/eclipse-workspace/Ecubix/screenshots/testNavigationToContactUsPage.png
at org.apache.commons.io.function.IOStream.lambda$forAll$11(IOStream.java:352)
at java.base/java.util.Spliterators$ArraySpliterator.forEachRemaining(Spliterators.java:1024)
at java.base/java.util.stream.ReferencePipeline$Head.forEach(ReferencePipeline.java:807)
at org.apache.commons.io.function.IOStream.forAll(IOStream.java:343)
... 22 more
Caused by: java.io.FileNotFoundException: File does not exist: /Users/testriq_20/eclipse-workspace/Ecubix/screenshots/testNavigationToContactUsPage.png
at org.apache.commons.io.FileUtils.forceDelete(FileUtils.java:1432)
at org.apache.commons.io.FileUtils.lambda$cleanDirectory$0(FileUtils.java:381)
at org.apache.commons.io.function.IOStream.lambda$forAll$11(IOStream.java:345)
... 25 more
... Removed 11 stack frames]]>
    </failure>
  </testcase> <!-- @BeforeSuite cleanData -->
  <testcase classname="com.watch.site.search_result.TestSearchResultPage" name="testSearchFunctionalityWRTMatchingProduct" time="0.0">
    <skipped/>
  </testcase> <!-- testSearchFunctionalityWRTMatchingProduct -->
  <testcase classname="com.watch.site.search_result.TestSearchResultPage" name="testSearchFunctionalityWRTNoMatchingProduct" time="0.0">
    <skipped/>
  </testcase> <!-- testSearchFunctionalityWRTNoMatchingProduct -->
</testsuite> <!-- Search Page Test -->
