<?xml version="1.0" encoding="UTF-8"?>
<testng-results ignored="0" total="6" passed="1" failed="0" skipped="5">
  <reporter-output>
  </reporter-output>
  <suite started-at="2025-06-01T20:03:35 IST" name="Master Suite 1" finished-at="2025-06-01T20:03:35 IST" duration-ms="0">
    <groups>
    </groups>
  </suite> <!-- Master Suite 1 -->
  <suite started-at="2025-06-01T20:03:04 IST" name="Sanity Suite" finished-at="2025-06-01T20:03:09 IST" duration-ms="5188">
    <groups>
    </groups>
    <test started-at="2025-06-01T20:03:04 IST" name="Search Page Test" finished-at="2025-06-01T20:03:04 IST" duration-ms="12">
      <class name="com.watch.site.search_result.TestSearchResultPage">
        <test-method signature="testSearchFunctionalityWRTMatchingProduct()[pri:1, instance:com.watch.site.search_result.TestSearchResultPage@6a8658ff]" started-at="2025-06-01T20:03:04 IST" name="testSearchFunctionalityWRTMatchingProduct" description="Verify that the search functionality returns relevant results for valid keywords" finished-at="2025-06-01T20:03:04 IST" duration-ms="0" status="SKIP">
          <reporter-output>
          </reporter-output>
        </test-method> <!-- testSearchFunctionalityWRTMatchingProduct -->
        <test-method is-config="true" signature="launchWebApplication()[pri:0, instance:com.watch.site.search_result.TestSearchResultPage@6a8658ff]" started-at="2025-06-01T20:03:04 IST" name="launchWebApplication" finished-at="2025-06-01T20:03:04 IST" duration-ms="0" status="SKIP">
          <reporter-output>
          </reporter-output>
        </test-method> <!-- launchWebApplication -->
        <test-method is-config="true" signature="tearDown()[pri:0, instance:com.watch.site.search_result.TestSearchResultPage@6a8658ff]" started-at="2025-06-01T20:03:04 IST" name="tearDown" finished-at="2025-06-01T20:03:04 IST" duration-ms="0" status="SKIP">
          <reporter-output>
          </reporter-output>
        </test-method> <!-- tearDown -->
        <test-method is-config="true" signature="launchWebApplication()[pri:0, instance:com.watch.site.search_result.TestSearchResultPage@6a8658ff]" started-at="2025-06-01T20:03:04 IST" name="launchWebApplication" finished-at="2025-06-01T20:03:04 IST" duration-ms="0" status="SKIP">
          <reporter-output>
          </reporter-output>
        </test-method> <!-- launchWebApplication -->
        <test-method signature="testSearchFunctionalityWRTNoMatchingProduct()[pri:2, instance:com.watch.site.search_result.TestSearchResultPage@6a8658ff]" started-at="2025-06-01T20:03:04 IST" name="testSearchFunctionalityWRTNoMatchingProduct" description="Verify that search results shows no results when there are no matching products" finished-at="2025-06-01T20:03:04 IST" duration-ms="0" status="SKIP">
          <reporter-output>
          </reporter-output>
        </test-method> <!-- testSearchFunctionalityWRTNoMatchingProduct -->
        <test-method is-config="true" signature="tearDown()[pri:0, instance:com.watch.site.search_result.TestSearchResultPage@6a8658ff]" started-at="2025-06-01T20:03:04 IST" name="tearDown" finished-at="2025-06-01T20:03:04 IST" duration-ms="0" status="SKIP">
          <reporter-output>
          </reporter-output>
        </test-method> <!-- tearDown -->
      </class> <!-- com.watch.site.search_result.TestSearchResultPage -->
    </test> <!-- Search Page Test -->
    <test started-at="2025-06-01T20:03:09 IST" name="Contact Us Page Test" finished-at="2025-06-01T20:03:09 IST" duration-ms="5">
      <class name="com.watch.site.contact_us.TestContactUsPage">
        <test-method is-config="true" signature="cleanData()[pri:0, instance:com.watch.site.contact_us.TestContactUsPage@7a6d7e92]" started-at="2025-06-01T20:03:04 IST" name="cleanData" finished-at="2025-06-01T20:03:04 IST" duration-ms="16" status="FAIL">
          <exception class="org.apache.commons.io.IOExceptionList">
            <message>
              <![CDATA[1 exception(s): [org.apache.commons.io.IOIndexedException: FileNotFoundException #0: File does not exist: /Users/testriq_20/eclipse-workspace/Ecubix/screenshots/testNavigationToContactUsPage.png]]]>
            </message>
            <full-stacktrace>
              <![CDATA[org.apache.commons.io.IOExceptionList: 1 exception(s): [org.apache.commons.io.IOIndexedException: FileNotFoundException #0: File does not exist: /Users/testriq_20/eclipse-workspace/Ecubix/screenshots/testNavigationToContactUsPage.png]
at org.apache.commons.io.IOExceptionList.checkEmpty(IOExceptionList.java:50)
at org.apache.commons.io.function.IOStream.forAll(IOStream.java:357)
at org.apache.commons.io.function.IOStreams.forAll(IOStreams.java:42)
at org.apache.commons.io.function.IOStreams.forAll(IOStreams.java:36)
at org.apache.commons.io.function.IOConsumer.forAll(IOConsumer.java:82)
at org.apache.commons.io.FileUtils.cleanDirectory(FileUtils.java:381)
at com.watch.site.core.DriverManagementCore.cleanDirectory(DriverManagementCore.java:106)
at com.watch.site.core.DriverManagementCore.cleanData(DriverManagementCore.java:122)
at java.base/jdk.internal.reflect.DirectMethodHandleAccessor.invoke(DirectMethodHandleAccessor.java:103)
at java.base/java.lang.reflect.Method.invoke(Method.java:580)
at org.testng.internal.invokers.MethodInvocationHelper.invokeMethod(MethodInvocationHelper.java:141)
at org.testng.internal.invokers.MethodInvocationHelper.invokeMethodConsideringTimeout(MethodInvocationHelper.java:71)
at org.testng.internal.invokers.ConfigInvoker.invokeConfigurationMethod(ConfigInvoker.java:400)
at org.testng.internal.invokers.ConfigInvoker.invokeConfigurations(ConfigInvoker.java:333)
at org.testng.SuiteRunner.privateRun(SuiteRunner.java:358)
at org.testng.SuiteRunner.run(SuiteRunner.java:312)
at org.testng.SuiteRunnerWorker.runSuite(SuiteRunnerWorker.java:52)
at org.testng.SuiteRunnerWorker.run(SuiteRunnerWorker.java:95)
at java.base/java.util.concurrent.Executors$RunnableAdapter.call(Executors.java:572)
at java.base/java.util.concurrent.FutureTask.run(FutureTask.java:317)
at org.testng.internal.thread.graph.TestNGFutureTask.run(TestNGFutureTask.java:22)
at java.base/java.util.concurrent.ThreadPoolExecutor.runWorker(ThreadPoolExecutor.java:1144)
at java.base/java.util.concurrent.ThreadPoolExecutor$Worker.run(ThreadPoolExecutor.java:642)
at java.base/java.lang.Thread.run(Thread.java:1575)
Caused by: org.apache.commons.io.IOIndexedException: FileNotFoundException #0: File does not exist: /Users/testriq_20/eclipse-workspace/Ecubix/screenshots/testNavigationToContactUsPage.png
at org.apache.commons.io.function.IOStream.lambda$forAll$11(IOStream.java:352)
at java.base/java.util.Spliterators$ArraySpliterator.forEachRemaining(Spliterators.java:1024)
at java.base/java.util.stream.ReferencePipeline$Head.forEach(ReferencePipeline.java:807)
at org.apache.commons.io.function.IOStream.forAll(IOStream.java:343)
... 22 more
Caused by: java.io.FileNotFoundException: File does not exist: /Users/testriq_20/eclipse-workspace/Ecubix/screenshots/testNavigationToContactUsPage.png
at org.apache.commons.io.FileUtils.forceDelete(FileUtils.java:1432)
at org.apache.commons.io.FileUtils.lambda$cleanDirectory$0(FileUtils.java:381)
at org.apache.commons.io.function.IOStream.lambda$forAll$11(IOStream.java:345)
... 25 more
]]>
            </full-stacktrace>
          </exception> <!-- org.apache.commons.io.IOExceptionList -->
          <reporter-output>
          </reporter-output>
        </test-method> <!-- cleanData -->
        <test-method signature="testNavigationToContactUsPage()[pri:1, instance:com.watch.site.contact_us.TestContactUsPage@7a6d7e92]" started-at="2025-06-01T20:03:09 IST" name="testNavigationToContactUsPage" description="Test the navigation to Contact Us page" finished-at="2025-06-01T20:03:09 IST" duration-ms="0" status="SKIP">
          <exception class="org.apache.commons.io.IOExceptionList">
            <message>
              <![CDATA[1 exception(s): [org.apache.commons.io.IOIndexedException: FileNotFoundException #0: File does not exist: /Users/testriq_20/eclipse-workspace/Ecubix/screenshots/testNavigationToContactUsPage.png]]]>
            </message>
            <full-stacktrace>
              <![CDATA[org.apache.commons.io.IOExceptionList: 1 exception(s): [org.apache.commons.io.IOIndexedException: FileNotFoundException #0: File does not exist: /Users/testriq_20/eclipse-workspace/Ecubix/screenshots/testNavigationToContactUsPage.png]
at org.apache.commons.io.IOExceptionList.checkEmpty(IOExceptionList.java:50)
at org.apache.commons.io.function.IOStream.forAll(IOStream.java:357)
at org.apache.commons.io.function.IOStreams.forAll(IOStreams.java:42)
at org.apache.commons.io.function.IOStreams.forAll(IOStreams.java:36)
at org.apache.commons.io.function.IOConsumer.forAll(IOConsumer.java:82)
at org.apache.commons.io.FileUtils.cleanDirectory(FileUtils.java:381)
at com.watch.site.core.DriverManagementCore.cleanDirectory(DriverManagementCore.java:106)
at com.watch.site.core.DriverManagementCore.cleanData(DriverManagementCore.java:122)
at java.base/jdk.internal.reflect.DirectMethodHandleAccessor.invoke(DirectMethodHandleAccessor.java:103)
at java.base/java.lang.reflect.Method.invoke(Method.java:580)
at org.testng.internal.invokers.MethodInvocationHelper.invokeMethod(MethodInvocationHelper.java:141)
at org.testng.internal.invokers.MethodInvocationHelper.invokeMethodConsideringTimeout(MethodInvocationHelper.java:71)
at org.testng.internal.invokers.ConfigInvoker.invokeConfigurationMethod(ConfigInvoker.java:400)
at org.testng.internal.invokers.ConfigInvoker.invokeConfigurations(ConfigInvoker.java:333)
at org.testng.SuiteRunner.privateRun(SuiteRunner.java:358)
at org.testng.SuiteRunner.run(SuiteRunner.java:312)
at org.testng.SuiteRunnerWorker.runSuite(SuiteRunnerWorker.java:52)
at org.testng.SuiteRunnerWorker.run(SuiteRunnerWorker.java:95)
at java.base/java.util.concurrent.Executors$RunnableAdapter.call(Executors.java:572)
at java.base/java.util.concurrent.FutureTask.run(FutureTask.java:317)
at org.testng.internal.thread.graph.TestNGFutureTask.run(TestNGFutureTask.java:22)
at java.base/java.util.concurrent.ThreadPoolExecutor.runWorker(ThreadPoolExecutor.java:1144)
at java.base/java.util.concurrent.ThreadPoolExecutor$Worker.run(ThreadPoolExecutor.java:642)
at java.base/java.lang.Thread.run(Thread.java:1575)
Caused by: org.apache.commons.io.IOIndexedException: FileNotFoundException #0: File does not exist: /Users/testriq_20/eclipse-workspace/Ecubix/screenshots/testNavigationToContactUsPage.png
at org.apache.commons.io.function.IOStream.lambda$forAll$11(IOStream.java:352)
at java.base/java.util.Spliterators$ArraySpliterator.forEachRemaining(Spliterators.java:1024)
at java.base/java.util.stream.ReferencePipeline$Head.forEach(ReferencePipeline.java:807)
at org.apache.commons.io.function.IOStream.forAll(IOStream.java:343)
... 22 more
Caused by: java.io.FileNotFoundException: File does not exist: /Users/testriq_20/eclipse-workspace/Ecubix/screenshots/testNavigationToContactUsPage.png
at org.apache.commons.io.FileUtils.forceDelete(FileUtils.java:1432)
at org.apache.commons.io.FileUtils.lambda$cleanDirectory$0(FileUtils.java:381)
at org.apache.commons.io.function.IOStream.lambda$forAll$11(IOStream.java:345)
... 25 more
]]>
            </full-stacktrace>
          </exception> <!-- org.apache.commons.io.IOExceptionList -->
          <reporter-output>
          </reporter-output>
        </test-method> <!-- testNavigationToContactUsPage -->
        <test-method is-config="true" signature="launchWebApplication()[pri:0, instance:com.watch.site.contact_us.TestContactUsPage@7a6d7e92]" started-at="2025-06-01T20:03:09 IST" name="launchWebApplication" finished-at="2025-06-01T20:03:09 IST" duration-ms="0" status="SKIP">
          <reporter-output>
          </reporter-output>
        </test-method> <!-- launchWebApplication -->
        <test-method signature="testEmptyFormSubmission()[pri:2, instance:com.watch.site.contact_us.TestContactUsPage@7a6d7e92]" started-at="2025-06-01T20:03:09 IST" name="testEmptyFormSubmission" description="Test that empty form can not be submitted" finished-at="2025-06-01T20:03:09 IST" duration-ms="0" status="SKIP">
          <exception class="org.apache.commons.io.IOExceptionList">
            <message>
              <![CDATA[1 exception(s): [org.apache.commons.io.IOIndexedException: FileNotFoundException #0: File does not exist: /Users/testriq_20/eclipse-workspace/Ecubix/screenshots/testNavigationToContactUsPage.png]]]>
            </message>
            <full-stacktrace>
              <![CDATA[org.apache.commons.io.IOExceptionList: 1 exception(s): [org.apache.commons.io.IOIndexedException: FileNotFoundException #0: File does not exist: /Users/testriq_20/eclipse-workspace/Ecubix/screenshots/testNavigationToContactUsPage.png]
at org.apache.commons.io.IOExceptionList.checkEmpty(IOExceptionList.java:50)
at org.apache.commons.io.function.IOStream.forAll(IOStream.java:357)
at org.apache.commons.io.function.IOStreams.forAll(IOStreams.java:42)
at org.apache.commons.io.function.IOStreams.forAll(IOStreams.java:36)
at org.apache.commons.io.function.IOConsumer.forAll(IOConsumer.java:82)
at org.apache.commons.io.FileUtils.cleanDirectory(FileUtils.java:381)
at com.watch.site.core.DriverManagementCore.cleanDirectory(DriverManagementCore.java:106)
at com.watch.site.core.DriverManagementCore.cleanData(DriverManagementCore.java:122)
at java.base/jdk.internal.reflect.DirectMethodHandleAccessor.invoke(DirectMethodHandleAccessor.java:103)
at java.base/java.lang.reflect.Method.invoke(Method.java:580)
at org.testng.internal.invokers.MethodInvocationHelper.invokeMethod(MethodInvocationHelper.java:141)
at org.testng.internal.invokers.MethodInvocationHelper.invokeMethodConsideringTimeout(MethodInvocationHelper.java:71)
at org.testng.internal.invokers.ConfigInvoker.invokeConfigurationMethod(ConfigInvoker.java:400)
at org.testng.internal.invokers.ConfigInvoker.invokeConfigurations(ConfigInvoker.java:333)
at org.testng.SuiteRunner.privateRun(SuiteRunner.java:358)
at org.testng.SuiteRunner.run(SuiteRunner.java:312)
at org.testng.SuiteRunnerWorker.runSuite(SuiteRunnerWorker.java:52)
at org.testng.SuiteRunnerWorker.run(SuiteRunnerWorker.java:95)
at java.base/java.util.concurrent.Executors$RunnableAdapter.call(Executors.java:572)
at java.base/java.util.concurrent.FutureTask.run(FutureTask.java:317)
at org.testng.internal.thread.graph.TestNGFutureTask.run(TestNGFutureTask.java:22)
at java.base/java.util.concurrent.ThreadPoolExecutor.runWorker(ThreadPoolExecutor.java:1144)
at java.base/java.util.concurrent.ThreadPoolExecutor$Worker.run(ThreadPoolExecutor.java:642)
at java.base/java.lang.Thread.run(Thread.java:1575)
Caused by: org.apache.commons.io.IOIndexedException: FileNotFoundException #0: File does not exist: /Users/testriq_20/eclipse-workspace/Ecubix/screenshots/testNavigationToContactUsPage.png
at org.apache.commons.io.function.IOStream.lambda$forAll$11(IOStream.java:352)
at java.base/java.util.Spliterators$ArraySpliterator.forEachRemaining(Spliterators.java:1024)
at java.base/java.util.stream.ReferencePipeline$Head.forEach(ReferencePipeline.java:807)
at org.apache.commons.io.function.IOStream.forAll(IOStream.java:343)
... 22 more
Caused by: java.io.FileNotFoundException: File does not exist: /Users/testriq_20/eclipse-workspace/Ecubix/screenshots/testNavigationToContactUsPage.png
at org.apache.commons.io.FileUtils.forceDelete(FileUtils.java:1432)
at org.apache.commons.io.FileUtils.lambda$cleanDirectory$0(FileUtils.java:381)
at org.apache.commons.io.function.IOStream.lambda$forAll$11(IOStream.java:345)
... 25 more
]]>
            </full-stacktrace>
          </exception> <!-- org.apache.commons.io.IOExceptionList -->
          <reporter-output>
          </reporter-output>
        </test-method> <!-- testEmptyFormSubmission -->
        <test-method is-config="true" signature="tearDown()[pri:0, instance:com.watch.site.contact_us.TestContactUsPage@7a6d7e92]" started-at="2025-06-01T20:03:09 IST" name="tearDown" finished-at="2025-06-01T20:03:09 IST" duration-ms="0" status="SKIP">
          <reporter-output>
          </reporter-output>
        </test-method> <!-- tearDown -->
        <test-method is-config="true" signature="launchWebApplication()[pri:0, instance:com.watch.site.contact_us.TestContactUsPage@7a6d7e92]" started-at="2025-06-01T20:03:09 IST" name="launchWebApplication" finished-at="2025-06-01T20:03:09 IST" duration-ms="0" status="SKIP">
          <reporter-output>
          </reporter-output>
        </test-method> <!-- launchWebApplication -->
        <test-method is-config="true" signature="tearDown()[pri:0, instance:com.watch.site.contact_us.TestContactUsPage@7a6d7e92]" started-at="2025-06-01T20:03:09 IST" name="tearDown" finished-at="2025-06-01T20:03:09 IST" duration-ms="0" status="SKIP">
          <reporter-output>
          </reporter-output>
        </test-method> <!-- tearDown -->
        <test-method is-config="true" signature="launchWebApplication()[pri:0, instance:com.watch.site.contact_us.TestContactUsPage@7a6d7e92]" started-at="2025-06-01T20:03:09 IST" name="launchWebApplication" finished-at="2025-06-01T20:03:09 IST" duration-ms="0" status="SKIP">
          <reporter-output>
          </reporter-output>
        </test-method> <!-- launchWebApplication -->
        <test-method signature="testSuccessfulFormSubmission()[pri:3, instance:com.watch.site.contact_us.TestContactUsPage@7a6d7e92]" started-at="2025-06-01T20:03:09 IST" name="testSuccessfulFormSubmission" description="Test that Contact Us form submission sent a message" finished-at="2025-06-01T20:03:09 IST" duration-ms="0" status="SKIP">
          <exception class="org.apache.commons.io.IOExceptionList">
            <message>
              <![CDATA[1 exception(s): [org.apache.commons.io.IOIndexedException: FileNotFoundException #0: File does not exist: /Users/testriq_20/eclipse-workspace/Ecubix/screenshots/testNavigationToContactUsPage.png]]]>
            </message>
            <full-stacktrace>
              <![CDATA[org.apache.commons.io.IOExceptionList: 1 exception(s): [org.apache.commons.io.IOIndexedException: FileNotFoundException #0: File does not exist: /Users/testriq_20/eclipse-workspace/Ecubix/screenshots/testNavigationToContactUsPage.png]
at org.apache.commons.io.IOExceptionList.checkEmpty(IOExceptionList.java:50)
at org.apache.commons.io.function.IOStream.forAll(IOStream.java:357)
at org.apache.commons.io.function.IOStreams.forAll(IOStreams.java:42)
at org.apache.commons.io.function.IOStreams.forAll(IOStreams.java:36)
at org.apache.commons.io.function.IOConsumer.forAll(IOConsumer.java:82)
at org.apache.commons.io.FileUtils.cleanDirectory(FileUtils.java:381)
at com.watch.site.core.DriverManagementCore.cleanDirectory(DriverManagementCore.java:106)
at com.watch.site.core.DriverManagementCore.cleanData(DriverManagementCore.java:122)
at java.base/jdk.internal.reflect.DirectMethodHandleAccessor.invoke(DirectMethodHandleAccessor.java:103)
at java.base/java.lang.reflect.Method.invoke(Method.java:580)
at org.testng.internal.invokers.MethodInvocationHelper.invokeMethod(MethodInvocationHelper.java:141)
at org.testng.internal.invokers.MethodInvocationHelper.invokeMethodConsideringTimeout(MethodInvocationHelper.java:71)
at org.testng.internal.invokers.ConfigInvoker.invokeConfigurationMethod(ConfigInvoker.java:400)
at org.testng.internal.invokers.ConfigInvoker.invokeConfigurations(ConfigInvoker.java:333)
at org.testng.SuiteRunner.privateRun(SuiteRunner.java:358)
at org.testng.SuiteRunner.run(SuiteRunner.java:312)
at org.testng.SuiteRunnerWorker.runSuite(SuiteRunnerWorker.java:52)
at org.testng.SuiteRunnerWorker.run(SuiteRunnerWorker.java:95)
at java.base/java.util.concurrent.Executors$RunnableAdapter.call(Executors.java:572)
at java.base/java.util.concurrent.FutureTask.run(FutureTask.java:317)
at org.testng.internal.thread.graph.TestNGFutureTask.run(TestNGFutureTask.java:22)
at java.base/java.util.concurrent.ThreadPoolExecutor.runWorker(ThreadPoolExecutor.java:1144)
at java.base/java.util.concurrent.ThreadPoolExecutor$Worker.run(ThreadPoolExecutor.java:642)
at java.base/java.lang.Thread.run(Thread.java:1575)
Caused by: org.apache.commons.io.IOIndexedException: FileNotFoundException #0: File does not exist: /Users/testriq_20/eclipse-workspace/Ecubix/screenshots/testNavigationToContactUsPage.png
at org.apache.commons.io.function.IOStream.lambda$forAll$11(IOStream.java:352)
at java.base/java.util.Spliterators$ArraySpliterator.forEachRemaining(Spliterators.java:1024)
at java.base/java.util.stream.ReferencePipeline$Head.forEach(ReferencePipeline.java:807)
at org.apache.commons.io.function.IOStream.forAll(IOStream.java:343)
... 22 more
Caused by: java.io.FileNotFoundException: File does not exist: /Users/testriq_20/eclipse-workspace/Ecubix/screenshots/testNavigationToContactUsPage.png
at org.apache.commons.io.FileUtils.forceDelete(FileUtils.java:1432)
at org.apache.commons.io.FileUtils.lambda$cleanDirectory$0(FileUtils.java:381)
at org.apache.commons.io.function.IOStream.lambda$forAll$11(IOStream.java:345)
... 25 more
]]>
            </full-stacktrace>
          </exception> <!-- org.apache.commons.io.IOExceptionList -->
          <reporter-output>
          </reporter-output>
        </test-method> <!-- testSuccessfulFormSubmission -->
        <test-method is-config="true" signature="tearDown()[pri:0, instance:com.watch.site.contact_us.TestContactUsPage@7a6d7e92]" started-at="2025-06-01T20:03:09 IST" name="tearDown" finished-at="2025-06-01T20:03:09 IST" duration-ms="0" status="SKIP">
          <reporter-output>
          </reporter-output>
        </test-method> <!-- tearDown -->
      </class> <!-- com.watch.site.contact_us.TestContactUsPage -->
    </test> <!-- Contact Us Page Test -->
  </suite> <!-- Sanity Suite -->
  <suite started-at="2025-06-01T20:03:04 IST" name="Regression Suite" finished-at="2025-06-01T20:03:29 IST" duration-ms="25403">
    <groups>
    </groups>
    <test started-at="2025-06-01T20:03:04 IST" name="Product Added To Cart Test" finished-at="2025-06-01T20:03:29 IST" duration-ms="25403">
      <class name="com.watch.site.product.TestProductAddedToCart">
        <test-method is-config="true" signature="cleanData()[pri:0, instance:com.watch.site.product.TestProductAddedToCart@66982506]" started-at="2025-06-01T20:03:04 IST" name="cleanData" finished-at="2025-06-01T20:03:04 IST" duration-ms="13" status="PASS">
          <reporter-output>
          </reporter-output>
        </test-method> <!-- cleanData -->
        <test-method is-config="true" signature="launchWebApplication()[pri:0, instance:com.watch.site.product.TestProductAddedToCart@66982506]" started-at="2025-06-01T20:03:04 IST" name="launchWebApplication" finished-at="2025-06-01T20:03:19 IST" duration-ms="14717" status="PASS">
          <reporter-output>
          </reporter-output>
        </test-method> <!-- launchWebApplication -->
        <test-method signature="testSuccessfulProductAddToCart()[pri:0, instance:com.watch.site.product.TestProductAddedToCart@66982506]" started-at="2025-06-01T20:03:19 IST" name="testSuccessfulProductAddToCart" description="Test that product is successfully added in the cart" finished-at="2025-06-01T20:03:29 IST" duration-ms="10674" status="PASS">
          <reporter-output>
          </reporter-output>
        </test-method> <!-- testSuccessfulProductAddToCart -->
        <test-method is-config="true" signature="tearDown()[pri:0, instance:com.watch.site.product.TestProductAddedToCart@66982506]" started-at="2025-06-01T20:03:29 IST" name="tearDown" finished-at="2025-06-01T20:03:29 IST" duration-ms="1" status="PASS">
          <reporter-output>
          </reporter-output>
        </test-method> <!-- tearDown -->
      </class> <!-- com.watch.site.product.TestProductAddedToCart -->
    </test> <!-- Product Added To Cart Test -->
  </suite> <!-- Regression Suite -->
</testng-results>
