<?xml version="1.0" encoding="UTF-8"?>
<testsuite xmlns:xsi="http://www.w3.org/2001/XMLSchema-instance" xsi:noNamespaceSchemaLocation="https://maven.apache.org/surefire/maven-surefire-plugin/xsd/surefire-test-report.xsd" version="3.0.2" name="TestSuite" time="30.806" tests="17" errors="0" skipped="15" failures="1">
  <properties>
[...]
</properties>
  <testcase name="cleanData" classname="com.watch.site.contact_us.TestContactUsPage" time="0.329">
    <failure message="1 exception(s): [org.apache.commons.io.IOIndexedException: FileNotFoundException #0: File does not exist: /Users/testriq_20/eclipse-workspace/Ecubix/screenshots/testNavigationToContactUsPage.png]" type="org.apache.commons.io.IOExceptionList"><![CDATA[org.apache.commons.io.IOExceptionList: 1 exception(s): [org.apache.commons.io.IOIndexedException: FileNotFoundException #0: File does not exist: /Users/testriq_20/eclipse-workspace/Ecubix/screenshots/testNavigationToContactUsPage.png]
	at org.apache.commons.io.IOExceptionList.checkEmpty(IOExceptionList.java:50)
	at org.apache.commons.io.function.IOStream.forAll(IOStream.java:357)
	at org.apache.commons.io.function.IOStreams.forAll(IOStreams.java:42)
	at org.apache.commons.io.function.IOStreams.forAll(IOStreams.java:36)
	at org.apache.commons.io.function.IOConsumer.forAll(IOConsumer.java:82)
	at org.apache.commons.io.FileUtils.cleanDirectory(FileUtils.java:381)
	at com.watch.site.core.DriverManagementCore.cleanDirectory(DriverManagementCore.java:106)
	at com.watch.site.core.DriverManagementCore.cleanData(DriverManagementCore.java:122)
	at java.base/jdk.internal.reflect.DirectMethodHandleAccessor.invoke(DirectMethodHandleAccessor.java:103)
	at java.base/java.lang.reflect.Method.invoke(Method.java:580)
	at org.testng.internal.invokers.MethodInvocationHelper.invokeMethod(MethodInvocationHelper.java:141)
	at org.testng.internal.invokers.MethodInvocationHelper.invokeMethodConsideringTimeout(MethodInvocationHelper.java:71)
	at org.testng.internal.invokers.ConfigInvoker.invokeConfigurationMethod(ConfigInvoker.java:400)
	at org.testng.internal.invokers.ConfigInvoker.invokeConfigurations(ConfigInvoker.java:333)
	at org.testng.SuiteRunner.privateRun(SuiteRunner.java:358)
	at org.testng.SuiteRunner.run(SuiteRunner.java:312)
	at org.testng.SuiteRunnerWorker.runSuite(SuiteRunnerWorker.java:52)
	at org.testng.SuiteRunnerWorker.run(SuiteRunnerWorker.java:95)
	at java.base/java.util.concurrent.Executors$RunnableAdapter.call(Executors.java:572)
	at java.base/java.util.concurrent.FutureTask.run(FutureTask.java:317)
	at org.testng.internal.thread.graph.TestNGFutureTask.run(TestNGFutureTask.java:22)
	at java.base/java.util.concurrent.ThreadPoolExecutor.runWorker(ThreadPoolExecutor.java:1144)
	at java.base/java.util.concurrent.ThreadPoolExecutor$Worker.run(ThreadPoolExecutor.java:642)
	at java.base/java.lang.Thread.run(Thread.java:1575)
Caused by: org.apache.commons.io.IOIndexedException: FileNotFoundException #0: File does not exist: /Users/testriq_20/eclipse-workspace/Ecubix/screenshots/testNavigationToContactUsPage.png
	at org.apache.commons.io.function.IOStream.lambda$forAll$11(IOStream.java:352)
	at java.base/java.util.Spliterators$ArraySpliterator.forEachRemaining(Spliterators.java:1024)
	at java.base/java.util.stream.ReferencePipeline$Head.forEach(ReferencePipeline.java:807)
	at org.apache.commons.io.function.IOStream.forAll(IOStream.java:343)
	... 22 more
Caused by: java.io.FileNotFoundException: File does not exist: /Users/testriq_20/eclipse-workspace/Ecubix/screenshots/testNavigationToContactUsPage.png
	at org.apache.commons.io.FileUtils.forceDelete(FileUtils.java:1432)
	at org.apache.commons.io.FileUtils.lambda$cleanDirectory$0(FileUtils.java:381)
	at org.apache.commons.io.function.IOStream.lambda$forAll$11(IOStream.java:345)
	... 25 more
]]></failure>
    <system-err><![CDATA[SLF4J: Failed to load class "org.slf4j.impl.StaticLoggerBinder".
SLF4J: Defaulting to no-operation (NOP) logger implementation
SLF4J: See http://www.slf4j.org/codes.html#StaticLoggerBinder for further details.
]]></system-err>
  </testcase>
  <testcase name="launchWebApplication" classname="com.watch.site.contact_us.TestContactUsPage" time="0.0">
    <skipped/>
  </testcase>
  <testcase name="launchWebApplication" classname="com.watch.site.contact_us.TestContactUsPage" time="0.0">
    <skipped/>
  </testcase>
  <testcase name="launchWebApplication" classname="com.watch.site.contact_us.TestContactUsPage" time="0.0">
    <skipped/>
  </testcase>
  <testcase name="testNavigationToContactUsPage" classname="com.watch.site.contact_us.TestContactUsPage" time="0.0">
    <skipped message="1 exception(s): [org.apache.commons.io.IOIndexedException: FileNotFoundException #0: File does not exist: /Users/testriq_20/eclipse-workspace/Ecubix/screenshots/testNavigationToContactUsPage.png]"/>
  </testcase>
  <testcase name="tearDown" classname="com.watch.site.contact_us.TestContactUsPage" time="0.0">
    <skipped/>
  </testcase>
  <testcase name="tearDown" classname="com.watch.site.contact_us.TestContactUsPage" time="0.0">
    <skipped/>
  </testcase>
  <testcase name="tearDown" classname="com.watch.site.contact_us.TestContactUsPage" time="0.0">
    <skipped/>
  </testcase>
  <testcase name="testEmptyFormSubmission" classname="com.watch.site.contact_us.TestContactUsPage" time="0.0">
    <skipped message="1 exception(s): [org.apache.commons.io.IOIndexedException: FileNotFoundException #0: File does not exist: /Users/testriq_20/eclipse-workspace/Ecubix/screenshots/testNavigationToContactUsPage.png]"/>
  </testcase>
  <testcase name="testSuccessfulFormSubmission" classname="com.watch.site.contact_us.TestContactUsPage" time="0.0">
    <skipped message="1 exception(s): [org.apache.commons.io.IOIndexedException: FileNotFoundException #0: File does not exist: /Users/testriq_20/eclipse-workspace/Ecubix/screenshots/testNavigationToContactUsPage.png]"/>
  </testcase>
  <testcase name="launchWebApplication" classname="com.watch.site.search_result.TestSearchResultPage" time="0.0">
    <skipped/>
  </testcase>
  <testcase name="launchWebApplication" classname="com.watch.site.search_result.TestSearchResultPage" time="0.0">
    <skipped/>
  </testcase>
  <testcase name="testSearchFunctionalityWRTMatchingProduct" classname="com.watch.site.search_result.TestSearchResultPage" time="0.0">
    <skipped/>
  </testcase>
  <testcase name="tearDown" classname="com.watch.site.search_result.TestSearchResultPage" time="0.0">
    <skipped/>
  </testcase>
  <testcase name="tearDown" classname="com.watch.site.search_result.TestSearchResultPage" time="0.0">
    <skipped/>
  </testcase>
  <testcase name="testSearchFunctionalityWRTNoMatchingProduct" classname="com.watch.site.search_result.TestSearchResultPage" time="0.0">
    <skipped/>
  </testcase>
  <testcase name="testSuccessfulProductAddToCart" classname="com.watch.site.product.TestProductAddedToCart" time="10.675">
    <system-out><![CDATA[32
]]></system-out>
  </testcase>
</testsuite>