<?xml version="1.0" encoding="UTF-8"?>
<testng-results ignored="0" total="1" passed="1" failed="0" skipped="0">
  <reporter-output>
  </reporter-output>
  <suite started-at="2025-06-01T21:06:23 IST" name="Default suite" finished-at="2025-06-01T21:07:14 IST" duration-ms="51015">
    <groups>
    </groups>
    <test started-at="2025-06-01T21:06:23 IST" name="Default test" finished-at="2025-06-01T21:07:14 IST" duration-ms="51015">
      <class name="com.watch.site.search_result.TestSearchResultPage">
        <test-method is-config="true" signature="cleanData()[pri:0, instance:com.watch.site.search_result.TestSearchResultPage@765d7657]" started-at="2025-06-01T21:06:23 IST" name="cleanData" finished-at="2025-06-01T21:06:23 IST" duration-ms="17" status="PASS">
          <reporter-output>
          </reporter-output>
        </test-method> <!-- cleanData -->
        <test-method is-config="true" signature="launchWebApplication()[pri:0, instance:com.watch.site.search_result.TestSearchResultPage@765d7657]" started-at="2025-06-01T21:06:23 IST" name="launchWebApplication" finished-at="2025-06-01T21:07:04 IST" duration-ms="40728" status="PASS">
          <reporter-output>
          </reporter-output>
        </test-method> <!-- launchWebApplication -->
        <test-method signature="testSearchFunctionalityWRTMatchingProduct()[pri:1, instance:com.watch.site.search_result.TestSearchResultPage@765d7657]" started-at="2025-06-01T21:07:04 IST" name="testSearchFunctionalityWRTMatchingProduct" description="Verify that the search functionality returns relevant results for valid keywords" finished-at="2025-06-01T21:07:14 IST" duration-ms="10266" status="PASS">
          <reporter-output>
          </reporter-output>
        </test-method> <!-- testSearchFunctionalityWRTMatchingProduct -->
        <test-method is-config="true" signature="tearDown()[pri:0, instance:com.watch.site.search_result.TestSearchResultPage@765d7657]" started-at="2025-06-01T21:07:14 IST" name="tearDown" finished-at="2025-06-01T21:07:14 IST" duration-ms="1" status="PASS">
          <reporter-output>
          </reporter-output>
        </test-method> <!-- tearDown -->
      </class> <!-- com.watch.site.search_result.TestSearchResultPage -->
    </test> <!-- Default test -->
  </suite> <!-- Default suite -->
</testng-results>
